{'date': '2016.01.09.', 'heart_count': '1,349', 'reply_count': '', 'play_count': '365,221', 'is_you': True, 'is_jeong': False, 'is_park': False, 'reply_list': ['ㅋㅋㅋㅋㅋㅋㅋㅋㅋㅋㅋㅋㅋㅋㅋ제일웃김ㅋㅋㅋ', '응답하라이경규ㅋㅋㅋㅋㅋㅋㅋㅋ ㅋㅋㅋ패널유망주의 재발견ㅋㅋㅋㅋㅋㅋㅋㅋ', '프리토크에서 당할자가 없음', '경규옹 라스갑시다 형님.', '약주하셨어요..ㅋㅋㅋ 무속인 이씨 뭐임ㅋㅋㅋㅋㅋㅋㅋㅋㅋㅋ', 'ㅋㅋㅋㅋ얼마든지 응답해줄테니까ㅋㅋㅋㅋㅋㅋㅋ', '웃기기도 했는데신원호피디도 보통이 아니더라 ㅎㄷㄷ완전 멕이는 멘트 ㄷㄷㄷ이경규 질문에 당황하는게 아니라아무말 못하게 그렇게 받아치냐 ㅋ그것두 이경 규한테..', 'ㅋㅋ 오늘 이경규아저씨 레전드 찍으심!!너무 웃겼어...ㅋㅋㅋ', '너무웃곀ㅋㅋㅋㅋㅋㅋㅋㅋㅋㅋㅋㅋㅋㅋㅋㅋㅋㅋㅋㅋㅋㅋㅋㅋㅋㅋ배아파죽는줄ㅋㅋㅋㅋㅋㅋㅋㅋㅋㅋㅋㅋㅋㅋㅋㅋㅋㅋㅋㅋㅋㅋ', '근데 박나래는 나와서 말 거의 안하고 가네.....', '진짜 2016년 최고의 유망주답다', '이경규말이 맞음~ 쿡방 다없ㅐ야해~~', 'ㅋㅋㅋㅋㅋㅋㅋ 응답하라 이경규.', '개욱겨 ㅋㅋㅋㅋㅋㅋㅋㅋㅋㅋㅋㅋㅋ경규아저씨짱', 'ㅋㅋㅋㅋㅋㅋㅋㅋㅋㅋㅋㅋㅋㅋㅋㅋㅋㅋㅋㅋㅋㅋㅋ'], 'order_in_list': 8}
Traceback (most recent call last):
  File "2016_mudo.py", line 67, in list_crawl
    click_element = driver.find_element_by_xpath(click_path)
  File "C:\Users\bumso\AppData\Local\Programs\Python\Python37\lib\site-packages\selenium\webdriver\remote\webdriver.py", line 394, in find_element_by_xpath
    return self.find_element(by=By.XPATH, value=xpath)
  File "C:\Users\bumso\AppData\Local\Programs\Python\Python37\lib\site-packages\selenium\webdriver\remote\webdriver.py", line 978, in find_element
    'value': value})['value']
  File "C:\Users\bumso\AppData\Local\Programs\Python\Python37\lib\site-packages\selenium\webdriver\remote\webdriver.py", line 321, in execute
    self.error_handler.check_response(response)
  File "C:\Users\bumso\AppData\Local\Programs\Python\Python37\lib\site-packages\selenium\webdriver\remote\errorhandler.py", line 242, in check_response
    raise exception_class(message, screen, stacktrace)
selenium.common.exceptions.NoSuchElementException: Message: no such element: Unable to locate element: {"method":"xpath","selector":"//*[@id='playlistClip']/li[10]/div/dl/dt/a"}
  (Session info: chrome=70.0.3538.110)
  (Driver info: chromedriver=2.43.600210 (68dcf5eebde37173d4027fa8635e332711d2874a),platform=Windows NT 10.0.17134 x86_64)


During handling of the above exception, another exception occurred:

Traceback (most recent call last):
  File "2016_mudo.py", line 67, in list_crawl
    click_element = driver.find_element_by_xpath(click_path)
  File "C:\Users\bumso\AppData\Local\Programs\Python\Python37\lib\site-packages\selenium\webdriver\remote\webdriver.py", line 394, in find_element_by_xpath
    return self.find_element(by=By.XPATH, value=xpath)
  File "C:\Users\bumso\AppData\Local\Programs\Python\Python37\lib\site-packages\selenium\webdriver\remote\webdriver.py", line 978, in find_element
    'value': value})['value']
  File "C:\Users\bumso\AppData\Local\Programs\Python\Python37\lib\site-packages\selenium\webdriver\remote\webdriver.py", line 321, in execute
    self.error_handler.check_response(response)
  File "C:\Users\bumso\AppData\Local\Programs\Python\Python37\lib\site-packages\selenium\webdriver\remote\errorhandler.py", line 242, in check_response
    raise exception_class(message, screen, stacktrace)
selenium.common.exceptions.NoSuchElementException: Message: no such element: Unable to locate element: {"method":"xpath","selector":"//*[@id='playlistClip']/li[9]/div/dl/dt/a"}
  (Session info: chrome=70.0.3538.110)
  (Driver info: chromedriver=2.43.600210 (68dcf5eebde37173d4027fa8635e332711d2874a),platform=Windows NT 10.0.17134 x86_64)


During handling of the above exception, another exception occurred:

Traceback (most recent call last):
  File "2016_mudo.py", line 33, in list_crawl
    date =  driver.find_element_by_xpath('//*[@id="clipInfoArea"]/div[4]/div/dl/dd[3]').text
  File "C:\Users\bumso\AppData\Local\Programs\Python\Python37\lib\site-packages\selenium\webdriver\remote\webdriver.py", line 394, in find_element_by_xpath
    return self.find_element(by=By.XPATH, value=xpath)
  File "C:\Users\bumso\AppData\Local\Programs\Python\Python37\lib\site-packages\selenium\webdriver\remote\webdriver.py", line 978, in find_element
    'value': value})['value']
  File "C:\Users\bumso\AppData\Local\Programs\Python\Python37\lib\site-packages\selenium\webdriver\remote\webdriver.py", line 321, in execute
    self.error_handler.check_response(response)
  File "C:\Users\bumso\AppData\Local\Programs\Python\Python37\lib\site-packages\selenium\webdriver\remote\errorhandler.py", line 242, in check_response
    raise exception_class(message, screen, stacktrace)
selenium.common.exceptions.NoSuchElementException: Message: no such element: Unable to locate element: {"method":"xpath","selector":"//*[@id="clipInfoArea"]/div[4]/div/dl/dd[3]"}
  (Session info: chrome=70.0.3538.110)
  (Driver info: chromedriver=2.43.600210 (68dcf5eebde37173d4027fa8635e332711d2874a),platform=Windows NT 10.0.17134 x86_64)


During handling of the above exception, another exception occurred:

Traceback (most recent call last):
  File "2016_mudo.py", line 100, in <module>
    nc.list_crawl()
  File "2016_mudo.py", line 87, in list_crawl
    self.list_crawl()
  File "2016_mudo.py", line 87, in list_crawl
    self.list_crawl()
  File "2016_mudo.py", line 36, in list_crawl
    date = driver.find_element_by_xpath('//*[@id="clipInfoArea"]/div[3]/div/dl/dd[3]').text
  File "C:\Users\bumso\AppData\Local\Programs\Python\Python37\lib\site-packages\selenium\webdriver\remote\webdriver.py", line 394, in find_element_by_xpath
    return self.find_element(by=By.XPATH, value=xpath)
  File "C:\Users\bumso\AppData\Local\Programs\Python\Python37\lib\site-packages\selenium\webdriver\remote\webdriver.py", line 978, in find_element
    'value': value})['value']
  File "C:\Users\bumso\AppData\Local\Programs\Python\Python37\lib\site-packages\selenium\webdriver\remote\webdriver.py", line 321, in execute
    self.error_handler.check_response(response)
  File "C:\Users\bumso\AppData\Local\Programs\Python\Python37\lib\site-packages\selenium\webdriver\remote\errorhandler.py", line 242, in check_response
    raise exception_class(message, screen, stacktrace)
selenium.common.exceptions.NoSuchElementException: Message: no such element: Unable to locate element: {"method":"xpath","selector":"//*[@id="clipInfoArea"]/div[3]/div/dl/dd[3]"}
  (Session info: chrome=70.0.3538.110)
  (Driver info: chromedriver=2.43.600210 (68dcf5eebde37173d4027fa8635e332711d2874a),platform=Windows NT 10.0.17134 x86_64)